<?xml version="1.0" encoding="UTF-8"?>
<testsuites tests="1" failures="0" errors="0" skipped="0">
  <testsuite name="User Profile Management" timestamp="2025-04-07T11:32:39" time="12.789" tests="1" failures="0" errors="0" skipped="0">
    <properties>
      <property name="specId" value="0"/>
      <property name="featureName" value="User Profile Management"/>
      <property name="capabilities" value="chrome.135_0_7049_41.mac"/>
      <property name="featureFile" value="file://./src/features/user_profile.feature"/>
    </properties>
    <testcase classname="CucumberJUnitReport-chrome.135_0_7049_41.mac.User Profile Management" name="Edit User Profile Information" time="12.782">
      <system-out><![CDATA[
✅ Given the user is on the "https://trello.com/invite/b/67be40e0beea137631d12ffc/ATTI86805d986a57d12d9a3c5ce4fd2c9c554955CB01/mi-tablero-de-trello" home page
✅ When the user clicks on login into the invite page✅ Then the user should be redirected to "https://id.atlassian.com/login"✅ When the user enters a valid email "existing_user"✅ And the user clicks the continue button✅ When the user enters a valid password "existing_user"✅ And the user clicks the continue button✅ Then the user should be redirected to "https://trello.com/b/1s2GyOuN/mi-tablero-de-trello"✅ When the user clicks on the member menu✅ And the user selects Manage account✅ When the user switches to the Manage Account window✅ Then the user should be redirected to "https://id.atlassian.com/manage-profile/profile-and-visibility"✅ Then the user edits their location
]]></system-out>
    </testcase>
  </testsuite>
</testsuites>