<?xml version="1.0" encoding="UTF-8"?>
<testsuites tests="1" failures="0" errors="0" skipped="0">
  <testsuite name="Workspace Settings" timestamp="2025-04-03T10:54:31" time="10.699" tests="1" failures="0" errors="0" skipped="0">
    <properties>
      <property name="specId" value="0"/>
      <property name="featureName" value="Workspace Settings"/>
      <property name="capabilities" value="chrome.134_0_6998_166.mac"/>
      <property name="featureFile" value="file:///Users/elizabethperez/Documents/QA%20Automation%20Training/EPAM/wdio-trello-bdd-tests/src/features/workspace_settings.feature"/>
    </properties>
    <testcase classname="CucumberJUnitReport-chrome.134_0_6998_166.mac.Workspace Settings" name="Edit Workspace settings" time="10.691">
      <system-out><![CDATA[
✅ Given the user is on the "https://trello.com/invite/b/67be40e0beea137631d12ffc/ATTI86805d986a57d12d9a3c5ce4fd2c9c554955CB01/mi-tablero-de-trello" home page
✅ When the user clicks on login into the invite page✅ Then the user should be redirected to "https://id.atlassian.com/login"✅ When the user enters a valid email "existing_user"✅ And the user clicks the continue button✅ When the user enters a valid password "existing_user"✅ And the user clicks the continue button✅ Then the user should be redirected to "https://trello.com/b/1s2GyOuN/mi-tablero-de-trello"✅ When the user clicks on Workspace settings under the workspace menu✅ Then the user should be redirected to "https://trello.com/w/espaciodetrabajodeuser50314092/account"✅ When the user updates the workspace name to "workspace_name"✅ And the user clicks on the save button✅ Then the "workspace_name" should be reflected in the workspace details
]]></system-out>
    </testcase>
  </testsuite>
</testsuites>