<?xml version="1.0" encoding="UTF-8"?>
<testsuites tests="2" failures="0" errors="0" skipped="0">
  <testsuite name="Board Management" timestamp="2025-04-03T10:53:42" time="23.703" tests="2" failures="0" errors="0" skipped="0">
    <properties>
      <property name="specId" value="0"/>
      <property name="featureName" value="Board Management"/>
      <property name="capabilities" value="chrome.134_0_6998_166.mac"/>
      <property name="featureFile" value="file:///Users/elizabethperez/Documents/QA%20Automation%20Training/EPAM/wdio-trello-bdd-tests/src/features/board_management.feature"/>
    </properties>
    <testcase classname="CucumberJUnitReport-chrome.134_0_6998_166.mac.Board Management" name="Create a new board" time="11.056">
      <system-out><![CDATA[
✅ Given the user is on the "https://trello.com/invite/b/67be40e0beea137631d12ffc/ATTI86805d986a57d12d9a3c5ce4fd2c9c554955CB01/mi-tablero-de-trello" home page
✅ When the user clicks on login into the invite page✅ Then the user should be redirected to "https://id.atlassian.com/login"✅ When the user enters a valid email "existing_user"✅ And the user clicks the continue button✅ When the user enters a valid password "existing_user"✅ And the user clicks the continue button✅ Then the user should be redirected to "https://trello.com/b/1s2GyOuN/mi-tablero-de-trello"✅ And the user clicks on the create button✅ When the user clicks on Create Board✅ And enters the board name "board"✅ And clicks on the create button✅ Then the board should be displayed into the board list
]]></system-out>
    </testcase>
    <testcase classname="CucumberJUnitReport-chrome.134_0_6998_166.mac.Board Management" name="Search for an existing board" time="12.638">
      <system-out><![CDATA[
✅ Given the user is on the "https://trello.com/invite/b/67be40e0beea137631d12ffc/ATTI86805d986a57d12d9a3c5ce4fd2c9c554955CB01/mi-tablero-de-trello" home page
✅ When the user clicks on login into the invite page✅ Then the user should be redirected to "https://id.atlassian.com/login"✅ When the user enters a valid email "existing_user"✅ And the user clicks the continue button✅ When the user enters a valid password "existing_user"✅ And the user clicks the continue button✅ Then the user should be redirected to "https://trello.com/b/1s2GyOuN/mi-tablero-de-trello"✅ And the user clicks on the create button✅ When the user clicks on Create Board✅ And enters the board name "board"✅ And clicks on the create button✅ Then the board should be displayed into the search list
]]></system-out>
    </testcase>
  </testsuite>
</testsuites>