<?xml version="1.0" encoding="UTF-8"?>
<testsuites tests="1" failures="1" errors="0" skipped="0">
  <testsuite name="Card Management" timestamp="2025-04-03T10:53:42" time="22.577" tests="1" failures="1" errors="0" skipped="0">
    <properties>
      <property name="specId" value="0"/>
      <property name="featureName" value="Card Management"/>
      <property name="capabilities" value="chrome.134_0_6998_166.mac"/>
      <property name="featureFile" value="file:///Users/elizabethperez/Documents/QA%20Automation%20Training/EPAM/wdio-trello-bdd-tests/src/features/card_management.feature"/>
    </properties>
    <testcase classname="CucumberJUnitReport-chrome.134_0_6998_166.mac.Card Management" name="Create a card within a list" time="22.562">
      <failure message="Error: element (&quot;[data-testid=&quot;list-composer-button&quot;]&quot;) still not displayed after 10000ms"/>
      <system-out><![CDATA[
✅ Given the user is on the "https://trello.com/invite/b/67be40e0beea137631d12ffc/ATTI86805d986a57d12d9a3c5ce4fd2c9c554955CB01/mi-tablero-de-trello" home page
✅ When the user clicks on login into the invite page✅ Then the user should be redirected to "https://id.atlassian.com/login"✅ When the user enters a valid email "existing_user"✅ When the user clicks the continue button✅ When the user enters a valid password "existing_user"✅ When the user clicks the continue button✅ Then the user should be redirected to "https://trello.com/b/1s2GyOuN/mi-tablero-de-trello"✅ When the user clicks on the create button✅ When the user clicks on Create Board✅ And enters the board name "board"✅ And clicks on the create button❗ When the user clicks on Add a list⚠️ And enters the list name "list"
⚠️ And clicks on the Add list button
⚠️ Then the new list should appear on the board
⚠️ When the user clicks on Add a card under the list
⚠️ And enters the card name "card"
⚠️ And clicks on the add button
⚠️ Then the new card should appear on the board
]]></system-out>
      <system-err><![CDATA[
Error: element ("[data-testid="list-composer-button"]") still not displayed after 10000ms
    at <anonymous> (/Users/elizabethperez/Documents/QA Automation Training/EPAM/wdio-trello-bdd-tests/node_modules/webdriverio/build/node.js:5681:15)
    at async Element.wrapCommandFn (/Users/elizabethperez/Documents/QA Automation Training/EPAM/wdio-trello-bdd-tests/node_modules/@wdio/utils/build/index.js:902:23)
    at async Element.elementErrorHandlerCallbackFn (/Users/elizabethperez/Documents/QA Automation Training/EPAM/wdio-trello-bdd-tests/node_modules/webdriverio/build/node.js:8358:24)
    at async Element.wrapCommandFn (/Users/elizabethperez/Documents/QA Automation Training/EPAM/wdio-trello-bdd-tests/node_modules/@wdio/utils/build/index.js:902:23)
    at async Element.wrapCommandFn (/Users/elizabethperez/Documents/QA Automation Training/EPAM/wdio-trello-bdd-tests/node_modules/@wdio/utils/build/index.js:902:23)
    at async Element.elementErrorHandlerCallbackFn (/Users/elizabethperez/Documents/QA Automation Training/EPAM/wdio-trello-bdd-tests/node_modules/webdriverio/build/node.js:8358:24)
    at async Element.wrapCommandFn (/Users/elizabethperez/Documents/QA Automation Training/EPAM/wdio-trello-bdd-tests/node_modules/@wdio/utils/build/index.js:902:23)
    at async BoardListComponent.clickAddList (/Users/elizabethperez/Documents/QA Automation Training/EPAM/wdio-trello-bdd-tests/src/components/board/BoardListComponent.js:63:9)
    at async World.<anonymous> (/Users/elizabethperez/Documents/QA Automation Training/EPAM/wdio-trello-bdd-tests/src/step-definitions/listManagementSteps.js:10:5)
]]></system-err>
    </testcase>
  </testsuite>
</testsuites>