<?xml version="1.0" encoding="UTF-8"?>
<testsuites tests="2" failures="0" errors="0" skipped="0">
  <testsuite name="User Authentication" timestamp="2025-04-03T10:54:07" time="8.356" tests="2" failures="0" errors="0" skipped="0">
    <properties>
      <property name="specId" value="0"/>
      <property name="featureName" value="User Authentication"/>
      <property name="capabilities" value="chrome.134_0_6998_166.mac"/>
      <property name="featureFile" value="file:///Users/elizabethperez/Documents/QA%20Automation%20Training/EPAM/wdio-trello-bdd-tests/src/features/user_authentication.feature"/>
    </properties>
    <testcase classname="CucumberJUnitReport-chrome.134_0_6998_166.mac.User Authentication" name="Sign Up with a new user account" time="3.952">
      <system-out><![CDATA[
✅ Given the user is on the "https://trello.com" home page
✅ When the user clicks on "Get Trello for free"✅ Then the user should be redirected to "https://id.atlassian.com/signup"✅ When the user enters a valid email "new_user"✅ And the user clicks the signup button✅ Then the user should be redirected to "https://id.atlassian.com/signup"
]]></system-out>
    </testcase>
    <testcase classname="CucumberJUnitReport-chrome.134_0_6998_166.mac.User Authentication" name="Sign In with existing credentials" time="4.397">
      <system-out><![CDATA[
✅ Given the user is on the "https://trello.com" home page
✅ When the user clicks the login button✅ Then the user should be redirected to "https://id.atlassian.com/login"✅ When the user enters a valid email "existing_user"✅ And the user clicks the continue button✅ When the user enters a valid password "existing_user"✅ And the user clicks the continue button✅ Then the user should be redirected to "https://id.atlassian.com/login"
]]></system-out>
    </testcase>
  </testsuite>
</testsuites>